#
# There is insufficient memory for the Java Runtime Environment to continue.
# Native memory allocation (malloc) failed to allocate 32744 bytes for ChunkPool::allocate
# Possible reasons:
#   The system is out of physical RAM or swap space
#   The process is running with CompressedOops enabled, and the Java Heap may be blocking the growth of the native heap
# Possible solutions:
#   Reduce memory load on the system
#   Increase physical memory or swap space
#   Check if swap backing store is full
#   Decrease Java heap size (-Xmx/-Xms)
#   Decrease number of Java threads
#   Decrease Java thread stack sizes (-Xss)
#   Set larger code cache with -XX:ReservedCodeCacheSize=
#   JVM is running with Unscaled Compressed Oops mode in which the Java heap is
#     placed in the first 4GB address space. The Java Heap base address is the
#     maximum limit for the native heap growth. Please use -XX:HeapBaseMinAddress
#     to set the Java Heap base and to place the Java Heap above 4GB virtual address.
# This output file may be truncated or incomplete.
#
#  Out of Memory Error (c:/BuildAgent/work/5ff2f6c26000d570/src/hotspot/share/memory/arena.cpp:81), pid=19552, tid=9792
#
# JRE version: OpenJDK Runtime Environment (11.0.5+10) (build 11.0.5+10-b520.17)
# Java VM: OpenJDK 64-Bit Server VM (11.0.5+10-b520.17, mixed mode, sharing, tiered, compressed oops, g1 gc, windows-amd64)
# No core dump will be written. Minidumps are not enabled by default on client versions of Windows
#

---------------  S U M M A R Y ------------

Command Line: -Dserver.port=8090 -XX:TieredStopAtLevel=1 -Xverify:none -Dspring.output.ansi.enabled=always -Dcom.sun.management.jmxremote -Dspring.jmx.enabled=true -Dspring.liveBeansView.mbeanDomain -Dspring.application.admin.enabled=true -javaagent:D:\IntelliJ IDEA 2019.3.1\lib\idea_rt.jar=49220:D:\IntelliJ IDEA 2019.3.1\bin -Dfile.encoding=UTF-8 self.lcw.config.configserver.ConfigserverApplication

Host: Intel(R) Core(TM) i5-8265U CPU @ 1.60GHz, 8 cores, 7G,  Windows 10 , 64 bit Build 18362 (10.0.18362.778)
Time: Fri Jun 26 16:49:17 2020 ?D1¨²¡À¨º¡Á?¨º¡À?? elapsed time: 1060 seconds (0d 0h 17m 40s)

---------------  T H R E A D  ---------------

Current thread (0x000002d13c7b5000):  JavaThread "C1 CompilerThread0" daemon [_thread_in_native, id=9792, stack(0x000000e57e100000,0x000000e57e200000)]


Current CompileTask:
C1:1060595 9586   !   1       org.apache.coyote.AbstractProcessor::action (1039 bytes)

Stack: [0x000000e57e100000,0x000000e57e200000]
Native frames: (J=compiled Java code, j=interpreted, Vv=VM code, C=native code)
V  [jvm.dll+0x5dcafa]
V  [jvm.dll+0x70e375]
V  [jvm.dll+0x70f898]
V  [jvm.dll+0x70ff63]
V  [jvm.dll+0x23e238]
V  [jvm.dll+0xb8cfb]
V  [jvm.dll+0xb8fac]
V  [jvm.dll+0x1279b4]
V  [jvm.dll+0x125667]
V  [jvm.dll+0x12eabf]
V  [jvm.dll+0x132424]
V  [jvm.dll+0x131fed]
V  [jvm.dll+0x1295c7]
V  [jvm.dll+0x12b9c3]
V  [jvm.dll+0x129fd2]
V  [jvm.dll+0x1231c5]
V  [jvm.dll+0x133bb3]
V  [jvm.dll+0x133a69]
V  [jvm.dll+0x11ee39]
V  [jvm.dll+0x11f18a]
V  [jvm.dll+0x11f383]
V  [jvm.dll+0x11e697]
V  [jvm.dll+0x120267]
V  [jvm.dll+0x204f77]
V  [jvm.dll+0x2037f1]
V  [jvm.dll+0x6d835f]
V  [jvm.dll+0x6d114d]
V  [jvm.dll+0x5dbdd6]
C  [ucrtbase.dll+0x20e82]
C  [KERNEL32.DLL+0x17bd4]
C  [ntdll.dll+0x6ce51]


---------------  P R O C E S S  ---------------

Threads class SMR info:
_java_thread_list=0x000002d13daba800, length=52, elements={
0x000002d13c78f800, 0x000002d13c792800, 0x000002d13c7b0800, 0x000002d13c7b1800,
0x000002d13c7b5000, 0x000002d13c7b8000, 0x000002d13c771000, 0x000002d13d7d2000,
0x000002d13d7d3000, 0x000002d13d94a000, 0x000002d13e564000, 0x000002d13f16c800,
0x000002d13f16d000, 0x000002d140640800, 0x000002d140841800, 0x000002d1409ff800,
0x000002d140a19000, 0x000002d14075f000, 0x000002d14075b000, 0x000002d140759800,
0x000002d140ede800, 0x000002d140ee0800, 0x000002d140ee1000, 0x000002d140edf800,
0x000002d140ee2000, 0x000002d140ee3000, 0x000002d140edd000, 0x000002d140ee3800,
0x000002d140ede000, 0x000002d140ee7800, 0x000002d140ee8800, 0x000002d140ee9800,
0x000002d140ee4800, 0x000002d140eea000, 0x000002d140ee6000, 0x000002d140ee7000,
0x000002d14123a800, 0x000002d14123d000, 0x000002d14123b800, 0x000002d141245000,
0x000002d141242000, 0x000002d141239800, 0x000002d141242800, 0x000002d141240000,
0x000002d14123d800, 0x000002d14123e800, 0x000002d141239000, 0x000002d14123f800,
0x000002d14123c000, 0x000002d141243800, 0x000002d141244000, 0x000002d141246800
}

Java Threads: ( => current thread )
  0x000002d13c78f800 JavaThread "Reference Handler" daemon [_thread_blocked, id=21884, stack(0x000000e57dd00000,0x000000e57de00000)]
  0x000002d13c792800 JavaThread "Finalizer" daemon [_thread_blocked, id=3572, stack(0x000000e57de00000,0x000000e57df00000)]
  0x000002d13c7b0800 JavaThread "Signal Dispatcher" daemon [_thread_blocked, id=10704, stack(0x000000e57df00000,0x000000e57e000000)]
  0x000002d13c7b1800 JavaThread "Attach Listener" daemon [_thread_blocked, id=18764, stack(0x000000e57e000000,0x000000e57e100000)]
=>0x000002d13c7b5000 JavaThread "C1 CompilerThread0" daemon [_thread_in_native, id=9792, stack(0x000000e57e100000,0x000000e57e200000)]
  0x000002d13c7b8000 JavaThread "Sweeper thread" daemon [_thread_blocked, id=18348, stack(0x000000e57e200000,0x000000e57e300000)]
  0x000002d13c771000 JavaThread "Common-Cleaner" daemon [_thread_blocked, id=6656, stack(0x000000e57e300000,0x000000e57e400000)]
  0x000002d13d7d2000 JavaThread "Monitor Ctrl-Break" daemon [_thread_in_native, id=13704, stack(0x000000e57e400000,0x000000e57e500000)]
  0x000002d13d7d3000 JavaThread "Service Thread" daemon [_thread_blocked, id=11456, stack(0x000000e57e500000,0x000000e57e600000)]
  0x000002d13d94a000 JavaThread "RMI TCP Accept-0" daemon [_thread_in_native, id=16948, stack(0x000000e57e600000,0x000000e57e700000)]
  0x000002d13e564000 JavaThread "RMI Scheduler(0)" daemon [_thread_blocked, id=22508, stack(0x000000e57ec00000,0x000000e57ed00000)]
  0x000002d13f16c800 JavaThread "Catalina-utility-1" [_thread_blocked, id=8324, stack(0x000000e57ee00000,0x000000e57ef00000)]
  0x000002d13f16d000 JavaThread "Catalina-utility-2" [_thread_blocked, id=2052, stack(0x000000e57ef00000,0x000000e57f000000)]
  0x000002d140640800 JavaThread "container-0" [_thread_blocked, id=18604, stack(0x000000e57f000000,0x000000e57f100000)]
  0x000002d140841800 JavaThread "spring.cloud.inetutils" daemon [_thread_blocked, id=15572, stack(0x000000e57f500000,0x000000e57f600000)]
  0x000002d1409ff800 JavaThread "AMQP Connection 120.78.92.8:5672" [_thread_in_native, id=21564, stack(0x000000e57f700000,0x000000e57f800000)]
  0x000002d140a19000 JavaThread "pool-1-thread-2" [_thread_blocked, id=21008, stack(0x000000e57f800000,0x000000e57f900000)]
  0x000002d14075f000 JavaThread "springCloudBus.anonymous.NGf4A1t5QWOTpngPUEStIg-1" [_thread_blocked, id=15204, stack(0x000000e57fe00000,0x000000e57ff00000)]
  0x000002d14075b000 JavaThread "pool-1-thread-3" [_thread_blocked, id=14220, stack(0x000000e57ff00000,0x000000e580000000)]
  0x000002d140759800 JavaThread "http-nio-8090-BlockPoller" daemon [_thread_in_native, id=11468, stack(0x000000e500000000,0x000000e500100000)]
  0x000002d140ede800 JavaThread "http-nio-8090-exec-1" daemon [_thread_blocked, id=21408, stack(0x000000e500100000,0x000000e500200000)]
  0x000002d140ee0800 JavaThread "http-nio-8090-exec-2" daemon [_thread_blocked, id=19384, stack(0x000000e500200000,0x000000e500300000)]
  0x000002d140ee1000 JavaThread "http-nio-8090-exec-3" daemon [_thread_blocked, id=15392, stack(0x000000e500300000,0x000000e500400000)]
  0x000002d140edf800 JavaThread "http-nio-8090-exec-4" daemon [_thread_blocked, id=22292, stack(0x000000e500400000,0x000000e500500000)]
  0x000002d140ee2000 JavaThread "http-nio-8090-exec-5" daemon [_thread_blocked, id=13376, stack(0x000000e500500000,0x000000e500600000)]
  0x000002d140ee3000 JavaThread "http-nio-8090-exec-6" daemon [_thread_blocked, id=6736, stack(0x000000e500600000,0x000000e500700000)]
  0x000002d140edd000 JavaThread "http-nio-8090-exec-7" daemon [_thread_blocked, id=6664, stack(0x000000e500700000,0x000000e500800000)]
  0x000002d140ee3800 JavaThread "http-nio-8090-exec-8" daemon [_thread_blocked, id=9408, stack(0x000000e500800000,0x000000e500900000)]
  0x000002d140ede000 JavaThread "http-nio-8090-exec-9" daemon [_thread_blocked, id=21908, stack(0x000000e500900000,0x000000e500a00000)]
  0x000002d140ee7800 JavaThread "http-nio-8090-exec-10" daemon [_thread_blocked, id=21752, stack(0x000000e500a00000,0x000000e500b00000)]
  0x000002d140ee8800 JavaThread "http-nio-8090-ClientPoller" daemon [_thread_in_native, id=11592, stack(0x000000e500b00000,0x000000e500c00000)]
  0x000002d140ee9800 JavaThread "http-nio-8090-Acceptor" daemon [_thread_in_native, id=8252, stack(0x000000e500c00000,0x000000e500d00000)]
  0x000002d140ee4800 JavaThread "DestroyJavaVM" [_thread_blocked, id=16780, stack(0x000000e57d600000,0x000000e57d700000)]
  0x000002d140eea000 JavaThread "JGit-WorkQueue" daemon [_thread_blocked, id=17164, stack(0x000000e500f00000,0x000000e501000000)]
  0x000002d140ee6000 JavaThread "AMQP Connection 120.78.92.8:5672" [_thread_in_native, id=5596, stack(0x000000e500d00000,0x000000e500e00000)]
  0x000002d140ee7000 JavaThread "pool-1-thread-5" [_thread_blocked, id=3536, stack(0x000000e501300000,0x000000e501400000)]
  0x000002d14123a800 JavaThread "pool-1-thread-6" [_thread_blocked, id=13440, stack(0x000000e501400000,0x000000e501500000)]
  0x000002d14123d000 JavaThread "pool-1-thread-7" [_thread_blocked, id=20500, stack(0x000000e501500000,0x000000e501600000)]
  0x000002d14123b800 JavaThread "pool-1-thread-8" [_thread_blocked, id=21592, stack(0x000000e501800000,0x000000e501900000)]
  0x000002d141245000 JavaThread "pool-1-thread-9" [_thread_blocked, id=12608, stack(0x000000e501c00000,0x000000e501d00000)]
  0x000002d141242000 JavaThread "pool-1-thread-10" [_thread_blocked, id=9296, stack(0x000000e501d00000,0x000000e501e00000)]
  0x000002d141239800 JavaThread "pool-1-thread-11" [_thread_blocked, id=14744, stack(0x000000e501a00000,0x000000e501b00000)]
  0x000002d141242800 JavaThread "pool-1-thread-12" [_thread_blocked, id=16500, stack(0x000000e500e00000,0x000000e500f00000)]
  0x000002d141240000 JavaThread "pool-1-thread-13" [_thread_blocked, id=18676, stack(0x000000e501f00000,0x000000e502000000)]
  0x000002d14123d800 JavaThread "Apache-HttpClient-Conn-Cleaner2" daemon [_thread_blocked, id=21860, stack(0x000000e501000000,0x000000e501100000)]
  0x000002d14123e800 JavaThread "AsyncResolver-bootstrap-0" daemon [_thread_blocked, id=6160, stack(0x000000e501100000,0x000000e501200000)]
  0x000002d141239000 JavaThread "DiscoveryClient-0" daemon [_thread_blocked, id=3588, stack(0x000000e501200000,0x000000e501300000)]
  0x000002d14123f800 JavaThread "DiscoveryClient-1" daemon [_thread_blocked, id=10460, stack(0x000000e501600000,0x000000e501700000)]
  0x000002d14123c000 JavaThread "DiscoveryClient-InstanceInfoReplicator-0" daemon [_thread_blocked, id=15900, stack(0x000000e501700000,0x000000e501800000)]
  0x000002d141243800 JavaThread "pool-1-thread-14" [_thread_blocked, id=21856, stack(0x000000e501b00000,0x000000e501c00000)]
  0x000002d141244000 JavaThread "DiscoveryClient-CacheRefreshExecutor-0" daemon [_thread_blocked, id=22308, stack(0x000000e502000000,0x000000e502100000)]
  0x000002d141246800 JavaThread "DiscoveryClient-HeartbeatExecutor-0" daemon [_thread_blocked, id=5068, stack(0x000000e502100000,0x000000e502200000)]

Other Threads:
  0x000002d13c78c800 VMThread "VM Thread" [stack: 0x000000e57dc00000,0x000000e57dd00000] [id=3676]
  0x000002d13d94d000 WatcherThread [stack: 0x000000e57e700000,0x000000e57e800000] [id=21768]
  0x000002d1220e5800 GCTaskThread "GC Thread#0" [stack: 0x000000e57d700000,0x000000e57d800000] [id=19968]
  0x000002d13d9d8000 GCTaskThread "GC Thread#1" [stack: 0x000000e57e800000,0x000000e57e900000] [id=10472]
  0x000002d13d9e4000 GCTaskThread "GC Thread#2" [stack: 0x000000e57e900000,0x000000e57ea00000] [id=21936]
  0x000002d13dc32000 GCTaskThread "GC Thread#3" [stack: 0x000000e57ed00000,0x000000e57ee00000] [id=16664]
  0x000002d140642800 GCTaskThread "GC Thread#4" [stack: 0x000000e57f100000,0x000000e57f200000] [id=15016]
  0x000002d140643000 GCTaskThread "GC Thread#5" [stack: 0x000000e57f200000,0x000000e57f300000] [id=556]
  0x000002d14068d800 GCTaskThread "GC Thread#6" [stack: 0x000000e57f300000,0x000000e57f400000] [id=22144]
  0x000002d14068e000 GCTaskThread "GC Thread#7" [stack: 0x000000e57f400000,0x000000e57f500000] [id=5564]
  0x000002d122116000 ConcurrentGCThread "G1 Main Marker" [stack: 0x000000e57d800000,0x000000e57d900000] [id=13228]
  0x000002d122119800 ConcurrentGCThread "G1 Conc#0" [stack: 0x000000e57d900000,0x000000e57da00000] [id=1392]
  0x000002d13e80b800 ConcurrentGCThread "G1 Conc#1" [stack: 0x000000e57ea00000,0x000000e57eb00000] [id=22420]
  0x000002d12217e800 ConcurrentGCThread "G1 Refine#0" [stack: 0x000000e57da00000,0x000000e57db00000] [id=14712]
  0x000002d13c620000 ConcurrentGCThread "G1 Young RemSet Sampling" [stack: 0x000000e57db00000,0x000000e57dc00000] [id=12632]

Threads with active compile tasks:
C1 CompilerThread01060625 9586   !   1       org.apache.coyote.AbstractProcessor::action (1039 bytes)

VM state:not at safepoint (normal execution)

VM Mutex/Monitor currently owned by a thread: None

Heap address: 0x0000000082600000, size: 2010 MB, Compressed Oops mode: 32-bit
Narrow klass base: 0x0000000800000000, Narrow klass shift: 3
Compressed class space size: 1073741824 Address: 0x0000000840000000

Heap:
 garbage-first heap   total 225280K, used 113120K [0x0000000082600000, 0x0000000100000000)
  region size 1024K, 69 young (70656K), 9 survivors (9216K)
 Metaspace       used 61815K, capacity 64199K, committed 64336K, reserved 1103872K
  class space    used 8478K, capacity 9387K, committed 9472K, reserved 1048576K
Heap Regions: E=young(eden), S=young(survivor), O=old, HS=humongous(starts), HC=humongous(continues), CS=collection set, F=free, A=archive, TAMS=top-at-mark-start (previous, next)
|   0|0x0000000082600000, 0x0000000082700000, 0x0000000082700000|100%| O|  |TAMS 0x0000000082700000, 0x0000000082600000| Untracked 
|   1|0x0000000082700000, 0x0000000082800000, 0x0000000082800000|100%| O|  |TAMS 0x0000000082800000, 0x0000000082700000| Untracked 
|   2|0x0000000082800000, 0x0000000082900000, 0x0000000082900000|100%| O|  |TAMS 0x0000000082900000, 0x0000000082800000| Untracked 
|   3|0x0000000082900000, 0x0000000082a00000, 0x0000000082a00000|100%| O|  |TAMS 0x0000000082a00000, 0x0000000082900000| Untracked 
|   4|0x0000000082a00000, 0x0000000082b00000, 0x0000000082b00000|100%| O|  |TAMS 0x0000000082b00000, 0x0000000082a00000| Untracked 
|   5|0x0000000082b00000, 0x0000000082c00000, 0x0000000082c00000|100%| O|  |TAMS 0x0000000082c00000, 0x0000000082b00000| Untracked 
|   6|0x0000000082c00000, 0x0000000082d00000, 0x0000000082d00000|100%| O|  |TAMS 0x0000000082d00000, 0x0000000082c00000| Untracked 
|   7|0x0000000082d00000, 0x0000000082e00000, 0x0000000082e00000|100%| O|  |TAMS 0x0000000082e00000, 0x0000000082d00000| Untracked 
|   8|0x0000000082e00000, 0x0000000082f00000, 0x0000000082f00000|100%| O|  |TAMS 0x0000000082f00000, 0x0000000082e00000| Untracked 
|   9|0x0000000082f00000, 0x0000000083000000, 0x0000000083000000|100%| O|  |TAMS 0x0000000083000000, 0x0000000082f00000| Untracked 
|  10|0x0000000083000000, 0x0000000083100000, 0x0000000083100000|100%| O|  |TAMS 0x0000000083100000, 0x0000000083000000| Untracked 
|  11|0x0000000083100000, 0x0000000083200000, 0x0000000083200000|100%| O|  |TAMS 0x0000000083200000, 0x0000000083100000| Untracked 
|  12|0x0000000083200000, 0x0000000083300000, 0x0000000083300000|100%| O|  |TAMS 0x0000000083300000, 0x0000000083200000| Untracked 
|  13|0x0000000083300000, 0x0000000083400000, 0x0000000083400000|100%| O|  |TAMS 0x0000000083400000, 0x0000000083300000| Untracked 
|  14|0x0000000083400000, 0x0000000083500000, 0x0000000083500000|100%| O|  |TAMS 0x0000000083500000, 0x0000000083400000| Untracked 
|  15|0x0000000083500000, 0x0000000083600000, 0x0000000083600000|100%| O|  |TAMS 0x0000000083600000, 0x0000000083500000| Untracked 
|  16|0x0000000083600000, 0x0000000083700000, 0x0000000083700000|100%| O|  |TAMS 0x0000000083700000, 0x0000000083600000| Untracked 
|  17|0x0000000083700000, 0x0000000083800000, 0x0000000083800000|100%| O|  |TAMS 0x0000000083800000, 0x0000000083700000| Untracked 
|  18|0x0000000083800000, 0x0000000083900000, 0x0000000083900000|100%| O|  |TAMS 0x0000000083900000, 0x0000000083800000| Untracked 
|  19|0x0000000083900000, 0x0000000083a00000, 0x0000000083a00000|100%| O|  |TAMS 0x0000000083a00000, 0x0000000083900000| Untracked 
|  20|0x0000000083a00000, 0x0000000083b00000, 0x0000000083b00000|100%| O|  |TAMS 0x0000000083b00000, 0x0000000083a00000| Untracked 
|  21|0x0000000083b00000, 0x0000000083c00000, 0x0000000083c00000|100%| O|  |TAMS 0x0000000083c00000, 0x0000000083b00000| Untracked 
|  22|0x0000000083c00000, 0x0000000083d00000, 0x0000000083d00000|100%| O|  |TAMS 0x0000000083d00000, 0x0000000083c00000| Untracked 
|  23|0x0000000083d00000, 0x0000000083e00000, 0x0000000083e00000|100%| O|  |TAMS 0x0000000083e00000, 0x0000000083d00000| Untracked 
|  24|0x0000000083e00000, 0x0000000083f00000, 0x0000000083f00000|100%| O|  |TAMS 0x0000000083f00000, 0x0000000083e00000| Untracked 
|  25|0x0000000083f00000, 0x0000000084000000, 0x0000000084000000|100%| O|  |TAMS 0x0000000084000000, 0x0000000083f00000| Untracked 
|  26|0x0000000084000000, 0x0000000084100000, 0x0000000084100000|100%| O|  |TAMS 0x0000000084100000, 0x0000000084000000| Untracked 
|  27|0x0000000084100000, 0x0000000084200000, 0x0000000084200000|100%| O|  |TAMS 0x0000000084200000, 0x0000000084100000| Untracked 
|  28|0x0000000084200000, 0x0000000084300000, 0x0000000084300000|100%| O|  |TAMS 0x0000000084300000, 0x0000000084200000| Untracked 
|  29|0x0000000084300000, 0x0000000084400000, 0x0000000084400000|100%| O|  |TAMS 0x0000000084400000, 0x0000000084300000| Untracked 
|  30|0x0000000084400000, 0x0000000084500000, 0x0000000084500000|100%| O|  |TAMS 0x0000000084500000, 0x0000000084400000| Untracked 
|  31|0x0000000084500000, 0x0000000084600000, 0x0000000084600000|100%| O|  |TAMS 0x0000000084600000, 0x0000000084500000| Untracked 
|  32|0x0000000084600000, 0x00000000846b1a00, 0x0000000084700000| 69%| O|  |TAMS 0x00000000846b1a00, 0x0000000084600000| Untracked 
|  33|0x0000000084700000, 0x0000000084800000, 0x0000000084800000|100%|HS|  |TAMS 0x0000000084700000, 0x0000000084700000| Complete 
|  34|0x0000000084800000, 0x0000000084900000, 0x0000000084900000|100%|HC|  |TAMS 0x0000000084800000, 0x0000000084800000| Complete 
|  35|0x0000000084900000, 0x0000000084a00000, 0x0000000084a00000|100%|HS|  |TAMS 0x0000000084900000, 0x0000000084900000| Complete 
|  36|0x0000000084a00000, 0x0000000084b00000, 0x0000000084b00000|100%|HC|  |TAMS 0x0000000084a00000, 0x0000000084a00000| Complete 
|  37|0x0000000084b00000, 0x0000000084c00000, 0x0000000084c00000|100%|HS|  |TAMS 0x0000000084b00000, 0x0000000084b00000| Complete 
|  38|0x0000000084c00000, 0x0000000084d00000, 0x0000000084d00000|100%|HC|  |TAMS 0x0000000084c00000, 0x0000000084c00000| Complete 
|  39|0x0000000084d00000, 0x0000000084e00000, 0x0000000084e00000|100%|HS|  |TAMS 0x0000000084d00000, 0x0000000084d00000| Complete 
|  40|0x0000000084e00000, 0x0000000084f00000, 0x0000000084f00000|100%|HC|  |TAMS 0x0000000084e00000, 0x0000000084e00000| Complete 
|  41|0x0000000084f00000, 0x0000000085000000, 0x0000000085000000|100%|HS|  |TAMS 0x0000000084f00000, 0x0000000084f00000| Complete 
|  42|0x0000000085000000, 0x0000000085100000, 0x0000000085100000|100%|HC|  |TAMS 0x0000000085000000, 0x0000000085000000| Complete 
|  43|0x0000000085100000, 0x0000000085100000, 0x0000000085200000|  0%| F|  |TAMS 0x0000000085100000, 0x0000000085100000| Untracked 
|  44|0x0000000085200000, 0x0000000085200000, 0x0000000085300000|  0%| F|  |TAMS 0x0000000085200000, 0x0000000085200000| Untracked 
|  45|0x0000000085300000, 0x0000000085300000, 0x0000000085400000|  0%| F|  |TAMS 0x0000000085300000, 0x0000000085300000| Untracked 
|  46|0x0000000085400000, 0x0000000085400000, 0x0000000085500000|  0%| F|  |TAMS 0x0000000085400000, 0x0000000085400000| Untracked 
|  47|0x0000000085500000, 0x0000000085500000, 0x0000000085600000|  0%| F|  |TAMS 0x0000000085500000, 0x0000000085500000| Untracked 
|  48|0x0000000085600000, 0x0000000085600000, 0x0000000085700000|  0%| F|  |TAMS 0x0000000085600000, 0x0000000085600000| Untracked 
|  49|0x0000000085700000, 0x0000000085700000, 0x0000000085800000|  0%| F|  |TAMS 0x0000000085700000, 0x0000000085700000| Untracked 
|  50|0x0000000085800000, 0x0000000085800000, 0x0000000085900000|  0%| F|  |TAMS 0x0000000085800000, 0x0000000085800000| Untracked 
|  51|0x0000000085900000, 0x0000000085900000, 0x0000000085a00000|  0%| F|  |TAMS 0x0000000085900000, 0x0000000085900000| Untracked 
|  52|0x0000000085a00000, 0x0000000085a00000, 0x0000000085b00000|  0%| F|  |TAMS 0x0000000085a00000, 0x0000000085a00000| Untracked 
|  53|0x0000000085b00000, 0x0000000085b00000, 0x0000000085c00000|  0%| F|  |TAMS 0x0000000085b00000, 0x0000000085b00000| Untracked 
|  54|0x0000000085c00000, 0x0000000085c00000, 0x0000000085d00000|  0%| F|  |TAMS 0x0000000085c00000, 0x0000000085c00000| Untracked 
|  55|0x0000000085d00000, 0x0000000085d00000, 0x0000000085e00000|  0%| F|  |TAMS 0x0000000085d00000, 0x0000000085d00000| Untracked 
|  56|0x0000000085e00000, 0x0000000085e00000, 0x0000000085f00000|  0%| F|  |TAMS 0x0000000085e00000, 0x0000000085e00000| Untracked 
|  57|0x0000000085f00000, 0x0000000085f00000, 0x0000000086000000|  0%| F|  |TAMS 0x0000000085f00000, 0x0000000085f00000| Untracked 
|  58|0x0000000086000000, 0x0000000086000000, 0x0000000086100000|  0%| F|  |TAMS 0x0000000086000000, 0x0000000086000000| Untracked 
|  59|0x0000000086100000, 0x0000000086100000, 0x0000000086200000|  0%| F|  |TAMS 0x0000000086100000, 0x0000000086100000| Untracked 
|  60|0x0000000086200000, 0x0000000086200000, 0x0000000086300000|  0%| F|  |TAMS 0x0000000086200000, 0x0000000086200000| Untracked 
|  61|0x0000000086300000, 0x0000000086300000, 0x0000000086400000|  0%| F|  |TAMS 0x0000000086300000, 0x0000000086300000| Untracked 
|  62|0x0000000086400000, 0x0000000086400000, 0x0000000086500000|  0%| F|  |TAMS 0x0000000086400000, 0x0000000086400000| Untracked 
|  63|0x0000000086500000, 0x0000000086500000, 0x0000000086600000|  0%| F|  |TAMS 0x0000000086500000, 0x0000000086500000| Untracked 
|  64|0x0000000086600000, 0x0000000086600000, 0x0000000086700000|  0%| F|  |TAMS 0x0000000086600000, 0x0000000086600000| Untracked 
|  65|0x0000000086700000, 0x0000000086700000, 0x0000000086800000|  0%| F|  |TAMS 0x0000000086700000, 0x0000000086700000| Untracked 
|  66|0x0000000086800000, 0x0000000086800000, 0x0000000086900000|  0%| F|  |TAMS 0x0000000086800000, 0x0000000086800000| Untracked 
|  67|0x0000000086900000, 0x0000000086900000, 0x0000000086a00000|  0%| F|  |TAMS 0x0000000086900000, 0x0000000086900000| Untracked 
|  68|0x0000000086a00000, 0x0000000086a00000, 0x0000000086b00000|  0%| F|  |TAMS 0x0000000086a00000, 0x0000000086a00000| Untracked 
|  69|0x0000000086b00000, 0x0000000086b00000, 0x0000000086c00000|  0%| F|  |TAMS 0x0000000086b00000, 0x0000000086b00000| Untracked 
|  70|0x0000000086c00000, 0x0000000086c00000, 0x0000000086d00000|  0%| F|  |TAMS 0x0000000086c00000, 0x0000000086c00000| Untracked 
|  71|0x0000000086d00000, 0x0000000086d00000, 0x0000000086e00000|  0%| F|  |TAMS 0x0000000086d00000, 0x0000000086d00000| Untracked 
|  72|0x0000000086e00000, 0x0000000086e00000, 0x0000000086f00000|  0%| F|  |TAMS 0x0000000086e00000, 0x0000000086e00000| Untracked 
|  73|0x0000000086f00000, 0x0000000086f00000, 0x0000000087000000|  0%| F|  |TAMS 0x0000000086f00000, 0x0000000086f00000| Untracked 
|  74|0x0000000087000000, 0x0000000087000000, 0x0000000087100000|  0%| F|  |TAMS 0x0000000087000000, 0x0000000087000000| Untracked 
|  75|0x0000000087100000, 0x0000000087100000, 0x0000000087200000|  0%| F|  |TAMS 0x0000000087100000, 0x0000000087100000| Untracked 
|  76|0x0000000087200000, 0x0000000087200000, 0x0000000087300000|  0%| F|  |TAMS 0x0000000087200000, 0x0000000087200000| Untracked 
|  77|0x0000000087300000, 0x0000000087300000, 0x0000000087400000|  0%| F|  |TAMS 0x0000000087300000, 0x0000000087300000| Untracked 
|  78|0x0000000087400000, 0x0000000087400000, 0x0000000087500000|  0%| F|  |TAMS 0x0000000087400000, 0x0000000087400000| Untracked 
|  79|0x0000000087500000, 0x0000000087500000, 0x0000000087600000|  0%| F|  |TAMS 0x0000000087500000, 0x0000000087500000| Untracked 
|  80|0x0000000087600000, 0x0000000087600000, 0x0000000087700000|  0%| F|  |TAMS 0x0000000087600000, 0x0000000087600000| Untracked 
|  81|0x0000000087700000, 0x0000000087700000, 0x0000000087800000|  0%| F|  |TAMS 0x0000000087700000, 0x0000000087700000| Untracked 
|  82|0x0000000087800000, 0x0000000087800000, 0x0000000087900000|  0%| F|  |TAMS 0x0000000087800000, 0x0000000087800000| Untracked 
|  83|0x0000000087900000, 0x0000000087900000, 0x0000000087a00000|  0%| F|  |TAMS 0x0000000087900000, 0x0000000087900000| Untracked 
|  84|0x0000000087a00000, 0x0000000087a00000, 0x0000000087b00000|  0%| F|  |TAMS 0x0000000087a00000, 0x0000000087a00000| Untracked 
|  85|0x0000000087b00000, 0x0000000087b00000, 0x0000000087c00000|  0%| F|  |TAMS 0x0000000087b00000, 0x0000000087b00000| Untracked 
|  86|0x0000000087c00000, 0x0000000087c00000, 0x0000000087d00000|  0%| F|  |TAMS 0x0000000087c00000, 0x0000000087c00000| Untracked 
|  87|0x0000000087d00000, 0x0000000087dc6840, 0x0000000087e00000| 77%| S|CS|TAMS 0x0000000087d00000, 0x0000000087d00000| Complete 
|  88|0x0000000087e00000, 0x0000000087f00000, 0x0000000087f00000|100%| S|CS|TAMS 0x0000000087e00000, 0x0000000087e00000| Complete 
|  89|0x0000000087f00000, 0x0000000088000000, 0x0000000088000000|100%| S|CS|TAMS 0x0000000087f00000, 0x0000000087f00000| Complete 
|  90|0x0000000088000000, 0x0000000088100000, 0x0000000088100000|100%| S|CS|TAMS 0x0000000088000000, 0x0000000088000000| Complete 
|  91|0x0000000088100000, 0x0000000088200000, 0x0000000088200000|100%| S|CS|TAMS 0x0000000088100000, 0x0000000088100000| Complete 
|  92|0x0000000088200000, 0x0000000088300000, 0x0000000088300000|100%| S|CS|TAMS 0x0000000088200000, 0x0000000088200000| Complete 
|  93|0x0000000088300000, 0x0000000088400000, 0x0000000088400000|100%| S|CS|TAMS 0x0000000088300000, 0x0000000088300000| Complete 
|  94|0x0000000088400000, 0x0000000088500000, 0x0000000088500000|100%| S|CS|TAMS 0x0000000088400000, 0x0000000088400000| Complete 
|  95|0x0000000088500000, 0x0000000088600000, 0x0000000088600000|100%| S|CS|TAMS 0x0000000088500000, 0x0000000088500000| Complete 
|  96|0x0000000088600000, 0x0000000088600000, 0x0000000088700000|  0%| F|  |TAMS 0x0000000088600000, 0x0000000088600000| Untracked 
|  97|0x0000000088700000, 0x0000000088700000, 0x0000000088800000|  0%| F|  |TAMS 0x0000000088700000, 0x0000000088700000| Untracked 
|  98|0x0000000088800000, 0x0000000088800000, 0x0000000088900000|  0%| F|  |TAMS 0x0000000088800000, 0x0000000088800000| Untracked 
|  99|0x0000000088900000, 0x0000000088900000, 0x0000000088a00000|  0%| F|  |TAMS 0x0000000088900000, 0x0000000088900000| Untracked 
| 100|0x0000000088a00000, 0x0000000088a00000, 0x0000000088b00000|  0%| F|  |TAMS 0x0000000088a00000, 0x0000000088a00000| Untracked 
| 101|0x0000000088b00000, 0x0000000088b00000, 0x0000000088c00000|  0%| F|  |TAMS 0x0000000088b00000, 0x0000000088b00000| Untracked 
| 102|0x0000000088c00000, 0x0000000088c00000, 0x0000000088d00000|  0%| F|  |TAMS 0x0000000088c00000, 0x0000000088c00000| Untracked 
| 103|0x0000000088d00000, 0x0000000088d00000, 0x0000000088e00000|  0%| F|  |TAMS 0x0000000088d00000, 0x0000000088d00000| Untracked 
| 104|0x0000000088e00000, 0x0000000088e00000, 0x0000000088f00000|  0%| F|  |TAMS 0x0000000088e00000, 0x0000000088e00000| Untracked 
| 105|0x0000000088f00000, 0x0000000088f00000, 0x0000000089000000|  0%| F|  |TAMS 0x0000000088f00000, 0x0000000088f00000| Untracked 
| 106|0x0000000089000000, 0x0000000089000000, 0x0000000089100000|  0%| F|  |TAMS 0x0000000089000000, 0x0000000089000000| Untracked 
| 107|0x0000000089100000, 0x0000000089100000, 0x0000000089200000|  0%| F|  |TAMS 0x0000000089100000, 0x0000000089100000| Untracked 
| 108|0x0000000089200000, 0x0000000089200000, 0x0000000089300000|  0%| F|  |TAMS 0x0000000089200000, 0x0000000089200000| Untracked 
| 109|0x0000000089300000, 0x0000000089300000, 0x0000000089400000|  0%| F|  |TAMS 0x0000000089300000, 0x0000000089300000| Untracked 
| 110|0x0000000089400000, 0x0000000089400000, 0x0000000089500000|  0%| F|  |TAMS 0x0000000089400000, 0x0000000089400000| Untracked 
| 111|0x0000000089500000, 0x0000000089500000, 0x0000000089600000|  0%| F|  |TAMS 0x0000000089500000, 0x0000000089500000| Untracked 
| 112|0x0000000089600000, 0x0000000089600000, 0x0000000089700000|  0%| F|  |TAMS 0x0000000089600000, 0x0000000089600000| Untracked 
| 113|0x0000000089700000, 0x0000000089700000, 0x0000000089800000|  0%| F|  |TAMS 0x0000000089700000, 0x0000000089700000| Untracked 
| 114|0x0000000089800000, 0x0000000089800000, 0x0000000089900000|  0%| F|  |TAMS 0x0000000089800000, 0x0000000089800000| Untracked 
| 115|0x0000000089900000, 0x0000000089900000, 0x0000000089a00000|  0%| F|  |TAMS 0x0000000089900000, 0x0000000089900000| Untracked 
| 116|0x0000000089a00000, 0x0000000089a00000, 0x0000000089b00000|  0%| F|  |TAMS 0x0000000089a00000, 0x0000000089a00000| Untracked 
| 117|0x0000000089b00000, 0x0000000089b00000, 0x0000000089c00000|  0%| F|  |TAMS 0x0000000089b00000, 0x0000000089b00000| Untracked 
| 118|0x0000000089c00000, 0x0000000089c00000, 0x0000000089d00000|  0%| F|  |TAMS 0x0000000089c00000, 0x0000000089c00000| Untracked 
| 119|0x0000000089d00000, 0x0000000089d00000, 0x0000000089e00000|  0%| F|  |TAMS 0x0000000089d00000, 0x0000000089d00000| Untracked 
| 120|0x0000000089e00000, 0x0000000089e00000, 0x0000000089f00000|  0%| F|  |TAMS 0x0000000089e00000, 0x0000000089e00000| Untracked 
| 121|0x0000000089f00000, 0x0000000089f00000, 0x000000008a000000|  0%| F|  |TAMS 0x0000000089f00000, 0x0000000089f00000| Untracked 
| 122|0x000000008a000000, 0x000000008a000000, 0x000000008a100000|  0%| F|  |TAMS 0x000000008a000000, 0x000000008a000000| Untracked 
| 123|0x000000008a100000, 0x000000008a100000, 0x000000008a200000|  0%| F|  |TAMS 0x000000008a100000, 0x000000008a100000| Untracked 
| 124|0x000000008a200000, 0x000000008a200000, 0x000000008a300000|  0%| F|  |TAMS 0x000000008a200000, 0x000000008a200000| Untracked 
| 125|0x000000008a300000, 0x000000008a300000, 0x000000008a400000|  0%| F|  |TAMS 0x000000008a300000, 0x000000008a300000| Untracked 
| 126|0x000000008a400000, 0x000000008a400000, 0x000000008a500000|  0%| F|  |TAMS 0x000000008a400000, 0x000000008a400000| Untracked 
| 127|0x000000008a500000, 0x000000008a500000, 0x000000008a600000|  0%| F|  |TAMS 0x000000008a500000, 0x000000008a500000| Untracked 
| 128|0x000000008a600000, 0x000000008a600000, 0x000000008a700000|  0%| F|  |TAMS 0x000000008a600000, 0x000000008a600000| Untracked 
| 129|0x000000008a700000, 0x000000008a700000, 0x000000008a800000|  0%| F|  |TAMS 0x000000008a700000, 0x000000008a700000| Untracked 
| 130|0x000000008a800000, 0x000000008a800000, 0x000000008a900000|  0%| F|  |TAMS 0x000000008a800000, 0x000000008a800000| Untracked 
| 131|0x000000008a900000, 0x000000008a900000, 0x000000008aa00000|  0%| F|  |TAMS 0x000000008a900000, 0x000000008a900000| Untracked 
| 132|0x000000008aa00000, 0x000000008aa00000, 0x000000008ab00000|  0%| F|  |TAMS 0x000000008aa00000, 0x000000008aa00000| Untracked 
| 133|0x000000008ab00000, 0x000000008ab00000, 0x000000008ac00000|  0%| F|  |TAMS 0x000000008ab00000, 0x000000008ab00000| Untracked 
| 134|0x000000008ac00000, 0x000000008ac00000, 0x000000008ad00000|  0%| F|  |TAMS 0x000000008ac00000, 0x000000008ac00000| Untracked 
| 135|0x000000008ad00000, 0x000000008ad00000, 0x000000008ae00000|  0%| F|  |TAMS 0x000000008ad00000, 0x000000008ad00000| Untracked 
| 136|0x000000008ae00000, 0x000000008ae00000, 0x000000008af00000|  0%| F|  |TAMS 0x000000008ae00000, 0x000000008ae00000| Untracked 
| 137|0x000000008af00000, 0x000000008af00000, 0x000000008b000000|  0%| F|  |TAMS 0x000000008af00000, 0x000000008af00000| Untracked 
| 138|0x000000008b000000, 0x000000008b000000, 0x000000008b100000|  0%| F|  |TAMS 0x000000008b000000, 0x000000008b000000| Untracked 
| 139|0x000000008b100000, 0x000000008b100000, 0x000000008b200000|  0%| F|  |TAMS 0x000000008b100000, 0x000000008b100000| Untracked 
| 140|0x000000008b200000, 0x000000008b200000, 0x000000008b300000|  0%| F|  |TAMS 0x000000008b200000, 0x000000008b200000| Untracked 
| 141|0x000000008b300000, 0x000000008b300000, 0x000000008b400000|  0%| F|  |TAMS 0x000000008b300000, 0x000000008b300000| Untracked 
| 142|0x000000008b400000, 0x000000008b400000, 0x000000008b500000|  0%| F|  |TAMS 0x000000008b400000, 0x000000008b400000| Untracked 
| 143|0x000000008b500000, 0x000000008b500000, 0x000000008b600000|  0%| F|  |TAMS 0x000000008b500000, 0x000000008b500000| Untracked 
| 144|0x000000008b600000, 0x000000008b600000, 0x000000008b700000|  0%| F|  |TAMS 0x000000008b600000, 0x000000008b600000| Untracked 
| 145|0x000000008b700000, 0x000000008b700000, 0x000000008b800000|  0%| F|  |TAMS 0x000000008b700000, 0x000000008b700000| Untracked 
| 146|0x000000008b800000, 0x000000008b800000, 0x000000008b900000|  0%| F|  |TAMS 0x000000008b800000, 0x000000008b800000| Untracked 
| 147|0x000000008b900000, 0x000000008b900000, 0x000000008ba00000|  0%| F|  |TAMS 0x000000008b900000, 0x000000008b900000| Untracked 
| 148|0x000000008ba00000, 0x000000008ba00000, 0x000000008bb00000|  0%| F|  |TAMS 0x000000008ba00000, 0x000000008ba00000| Untracked 
| 149|0x000000008bb00000, 0x000000008bb00000, 0x000000008bc00000|  0%| F|  |TAMS 0x000000008bb00000, 0x000000008bb00000| Untracked 
| 150|0x000000008bc00000, 0x000000008bc00000, 0x000000008bd00000|  0%| F|  |TAMS 0x000000008bc00000, 0x000000008bc00000| Untracked 
| 151|0x000000008bd00000, 0x000000008bd00000, 0x000000008be00000|  0%| F|  |TAMS 0x000000008bd00000, 0x000000008bd00000| Untracked 
| 152|0x000000008be00000, 0x000000008be00000, 0x000000008bf00000|  0%| F|  |TAMS 0x000000008be00000, 0x000000008be00000| Untracked 
| 153|0x000000008bf00000, 0x000000008bf00000, 0x000000008c000000|  0%| F|  |TAMS 0x000000008bf00000, 0x000000008bf00000| Untracked 
| 154|0x000000008c000000, 0x000000008c000000, 0x000000008c100000|  0%| F|  |TAMS 0x000000008c000000, 0x000000008c000000| Untracked 
| 155|0x000000008c100000, 0x000000008c100000, 0x000000008c200000|  0%| F|  |TAMS 0x000000008c100000, 0x000000008c100000| Untracked 
| 156|0x000000008c200000, 0x000000008c200000, 0x000000008c300000|  0%| F|  |TAMS 0x000000008c200000, 0x000000008c200000| Untracked 
| 157|0x000000008c300000, 0x000000008c300000, 0x000000008c400000|  0%| F|  |TAMS 0x000000008c300000, 0x000000008c300000| Untracked 
| 158|0x000000008c400000, 0x000000008c400000, 0x000000008c500000|  0%| F|  |TAMS 0x000000008c400000, 0x000000008c400000| Untracked 
| 159|0x000000008c500000, 0x000000008c500000, 0x000000008c600000|  0%| F|  |TAMS 0x000000008c500000, 0x000000008c500000| Untracked 
| 160|0x000000008c600000, 0x000000008c6c1ad0, 0x000000008c700000| 75%| E|  |TAMS 0x000000008c600000, 0x000000008c600000| Complete 
| 161|0x000000008c700000, 0x000000008c800000, 0x000000008c800000|100%| E|CS|TAMS 0x000000008c700000, 0x000000008c700000| Complete 
| 162|0x000000008c800000, 0x000000008c900000, 0x000000008c900000|100%| E|CS|TAMS 0x000000008c800000, 0x000000008c800000| Complete 
| 163|0x000000008c900000, 0x000000008ca00000, 0x000000008ca00000|100%| E|CS|TAMS 0x000000008c900000, 0x000000008c900000| Complete 
| 164|0x000000008ca00000, 0x000000008cb00000, 0x000000008cb00000|100%| E|CS|TAMS 0x000000008ca00000, 0x000000008ca00000| Complete 
| 165|0x000000008cb00000, 0x000000008cc00000, 0x000000008cc00000|100%| E|CS|TAMS 0x000000008cb00000, 0x000000008cb00000| Complete 
| 166|0x000000008cc00000, 0x000000008cd00000, 0x000000008cd00000|100%| E|CS|TAMS 0x000000008cc00000, 0x000000008cc00000| Complete 
| 167|0x000000008cd00000, 0x000000008ce00000, 0x000000008ce00000|100%| E|CS|TAMS 0x000000008cd00000, 0x000000008cd00000| Complete 
| 168|0x000000008ce00000, 0x000000008cf00000, 0x000000008cf00000|100%| E|CS|TAMS 0x000000008ce00000, 0x000000008ce00000| Complete 
| 169|0x000000008cf00000, 0x000000008d000000, 0x000000008d000000|100%| E|CS|TAMS 0x000000008cf00000, 0x000000008cf00000| Complete 
| 170|0x000000008d000000, 0x000000008d100000, 0x000000008d100000|100%| E|CS|TAMS 0x000000008d000000, 0x000000008d000000| Complete 
| 171|0x000000008d100000, 0x000000008d200000, 0x000000008d200000|100%| E|CS|TAMS 0x000000008d100000, 0x000000008d100000| Complete 
| 172|0x000000008d200000, 0x000000008d300000, 0x000000008d300000|100%| E|CS|TAMS 0x000000008d200000, 0x000000008d200000| Complete 
| 173|0x000000008d300000, 0x000000008d400000, 0x000000008d400000|100%| E|CS|TAMS 0x000000008d300000, 0x000000008d300000| Complete 
| 174|0x000000008d400000, 0x000000008d500000, 0x000000008d500000|100%| E|CS|TAMS 0x000000008d400000, 0x000000008d400000| Complete 
| 175|0x000000008d500000, 0x000000008d600000, 0x000000008d600000|100%| E|CS|TAMS 0x000000008d500000, 0x000000008d500000| Complete 
| 176|0x000000008d600000, 0x000000008d700000, 0x000000008d700000|100%| E|CS|TAMS 0x000000008d600000, 0x000000008d600000| Complete 
| 177|0x000000008d700000, 0x000000008d800000, 0x000000008d800000|100%| E|CS|TAMS 0x000000008d700000, 0x000000008d700000| Complete 
| 178|0x000000008d800000, 0x000000008d900000, 0x000000008d900000|100%| E|CS|TAMS 0x000000008d800000, 0x000000008d800000| Complete 
| 179|0x000000008d900000, 0x000000008da00000, 0x000000008da00000|100%| E|CS|TAMS 0x000000008d900000, 0x000000008d900000| Complete 
| 180|0x000000008da00000, 0x000000008db00000, 0x000000008db00000|100%| E|CS|TAMS 0x000000008da00000, 0x000000008da00000| Complete 
| 181|0x000000008db00000, 0x000000008dc00000, 0x000000008dc00000|100%| E|CS|TAMS 0x000000008db00000, 0x000000008db00000| Complete 
| 182|0x000000008dc00000, 0x000000008dd00000, 0x000000008dd00000|100%| E|CS|TAMS 0x000000008dc00000, 0x000000008dc00000| Complete 
| 183|0x000000008dd00000, 0x000000008de00000, 0x000000008de00000|100%| E|CS|TAMS 0x000000008dd00000, 0x000000008dd00000| Complete 
| 184|0x000000008de00000, 0x000000008df00000, 0x000000008df00000|100%| E|CS|TAMS 0x000000008de00000, 0x000000008de00000| Complete 
| 185|0x000000008df00000, 0x000000008e000000, 0x000000008e000000|100%| E|CS|TAMS 0x000000008df00000, 0x000000008df00000| Complete 
| 186|0x000000008e000000, 0x000000008e100000, 0x000000008e100000|100%| E|CS|TAMS 0x000000008e000000, 0x000000008e000000| Complete 
| 187|0x000000008e100000, 0x000000008e200000, 0x000000008e200000|100%| E|CS|TAMS 0x000000008e100000, 0x000000008e100000| Complete 
| 188|0x000000008e200000, 0x000000008e300000, 0x000000008e300000|100%| E|CS|TAMS 0x000000008e200000, 0x000000008e200000| Complete 
| 189|0x000000008e300000, 0x000000008e400000, 0x000000008e400000|100%| E|CS|TAMS 0x000000008e300000, 0x000000008e300000| Complete 
| 190|0x000000008e400000, 0x000000008e500000, 0x000000008e500000|100%| E|CS|TAMS 0x000000008e400000, 0x000000008e400000| Complete 
| 191|0x000000008e500000, 0x000000008e600000, 0x000000008e600000|100%| E|CS|TAMS 0x000000008e500000, 0x000000008e500000| Complete 
| 192|0x000000008e600000, 0x000000008e700000, 0x000000008e700000|100%| E|CS|TAMS 0x000000008e600000, 0x000000008e600000| Complete 
| 193|0x000000008e700000, 0x000000008e800000, 0x000000008e800000|100%| E|CS|TAMS 0x000000008e700000, 0x000000008e700000| Complete 
| 194|0x000000008e800000, 0x000000008e900000, 0x000000008e900000|100%| E|CS|TAMS 0x000000008e800000, 0x000000008e800000| Complete 
| 195|0x000000008e900000, 0x000000008ea00000, 0x000000008ea00000|100%| E|CS|TAMS 0x000000008e900000, 0x000000008e900000| Complete 
| 196|0x000000008ea00000, 0x000000008eb00000, 0x000000008eb00000|100%| E|CS|TAMS 0x000000008ea00000, 0x000000008ea00000| Complete 
| 197|0x000000008eb00000, 0x000000008ec00000, 0x000000008ec00000|100%| E|CS|TAMS 0x000000008eb00000, 0x000000008eb00000| Complete 
| 198|0x000000008ec00000, 0x000000008ed00000, 0x000000008ed00000|100%| E|CS|TAMS 0x000000008ec00000, 0x000000008ec00000| Complete 
| 199|0x000000008ed00000, 0x000000008ee00000, 0x000000008ee00000|100%| E|CS|TAMS 0x000000008ed00000, 0x000000008ed00000| Complete 
| 200|0x000000008ee00000, 0x000000008ef00000, 0x000000008ef00000|100%| E|CS|TAMS 0x000000008ee00000, 0x000000008ee00000| Complete 
| 201|0x000000008ef00000, 0x000000008f000000, 0x000000008f000000|100%| E|CS|TAMS 0x000000008ef00000, 0x000000008ef00000| Complete 
| 202|0x000000008f000000, 0x000000008f100000, 0x000000008f100000|100%| E|CS|TAMS 0x000000008f000000, 0x000000008f000000| Complete 
| 203|0x000000008f100000, 0x000000008f200000, 0x000000008f200000|100%| E|CS|TAMS 0x000000008f100000, 0x000000008f100000| Complete 
| 204|0x000000008f200000, 0x000000008f300000, 0x000000008f300000|100%| E|CS|TAMS 0x000000008f200000, 0x000000008f200000| Complete 
| 205|0x000000008f300000, 0x000000008f400000, 0x000000008f400000|100%| E|CS|TAMS 0x000000008f300000, 0x000000008f300000| Complete 
| 206|0x000000008f400000, 0x000000008f500000, 0x000000008f500000|100%| E|CS|TAMS 0x000000008f400000, 0x000000008f400000| Complete 
| 207|0x000000008f500000, 0x000000008f600000, 0x000000008f600000|100%| E|CS|TAMS 0x000000008f500000, 0x000000008f500000| Complete 
| 208|0x000000008f600000, 0x000000008f700000, 0x000000008f700000|100%| E|CS|TAMS 0x000000008f600000, 0x000000008f600000| Complete 
| 209|0x000000008f700000, 0x000000008f800000, 0x000000008f800000|100%| E|CS|TAMS 0x000000008f700000, 0x000000008f700000| Complete 
| 210|0x000000008f800000, 0x000000008f900000, 0x000000008f900000|100%| E|CS|TAMS 0x000000008f800000, 0x000000008f800000| Complete 
| 211|0x000000008f900000, 0x000000008fa00000, 0x000000008fa00000|100%| E|CS|TAMS 0x000000008f900000, 0x000000008f900000| Complete 
| 212|0x000000008fa00000, 0x000000008fb00000, 0x000000008fb00000|100%| E|CS|TAMS 0x000000008fa00000, 0x000000008fa00000| Complete 
| 213|0x000000008fb00000, 0x000000008fc00000, 0x000000008fc00000|100%| E|CS|TAMS 0x000000008fb00000, 0x000000008fb00000| Complete 
| 214|0x000000008fc00000, 0x000000008fd00000, 0x000000008fd00000|100%| E|CS|TAMS 0x000000008fc00000, 0x000000008fc00000| Complete 
| 215|0x000000008fd00000, 0x000000008fe00000, 0x000000008fe00000|100%| E|CS|TAMS 0x000000008fd00000, 0x000000008fd00000| Complete 
| 216|0x000000008fe00000, 0x000000008ff00000, 0x000000008ff00000|100%| E|CS|TAMS 0x000000008fe00000, 0x000000008fe00000| Complete 
| 217|0x000000008ff00000, 0x0000000090000000, 0x0000000090000000|100%| E|CS|TAMS 0x000000008ff00000, 0x000000008ff00000| Complete 
| 218|0x0000000090000000, 0x0000000090100000, 0x0000000090100000|100%| E|CS|TAMS 0x0000000090000000, 0x0000000090000000| Complete 
| 219|0x0000000090100000, 0x0000000090200000, 0x0000000090200000|100%| E|CS|TAMS 0x0000000090100000, 0x0000000090100000| Complete 

Card table byte_map: [0x000002d1356a0000,0x000002d135a90000] _byte_map_base: 0x000002d13528d000

Marking Bits (Prev, Next): (CMBitMap*) 0x000002d12210b2f0, (CMBitMap*) 0x000002d12210b2b8
 Prev Bits: [0x000002d137df0000, 0x000002d139d58000)
 Next Bits: [0x000002d135e80000, 0x000002d137de8000)

Polling page: 0x000002d121880000

Metaspace:

Usage:
  Non-class:     53.53 MB capacity,    52.09 MB ( 97%) used,     1.18 MB (  2%) free+waste,   268.25 KB ( <1%) overhead. 
      Class:      9.17 MB capacity,     8.28 MB ( 90%) used,   774.41 KB (  8%) free+waste,   133.75 KB (  1%) overhead. 
       Both:     62.69 MB capacity,    60.37 MB ( 96%) used,     1.93 MB (  3%) free+waste,   402.00 KB ( <1%) overhead. 

Virtual space:
  Non-class space:       54.00 MB reserved,      53.58 MB (>99%) committed 
      Class space:        1.00 GB reserved,       9.25 MB ( <1%) committed 
             Both:        1.05 GB reserved,      62.83 MB (  6%) committed 

Chunk freelists:
   Non-Class:  0 bytes
       Class:  0 bytes
        Both:  0 bytes

MaxMetaspaceSize: 17179869184.00 GB
CompressedClassSpaceSize: 1.00 GB

CodeHeap 'non-profiled nmethods': size=238336Kb used=16857Kb max_used=16857Kb free=221478Kb
 bounds [0x000002d1266b0000, 0x000002d127730000, 0x000002d134f70000]
CodeHeap 'non-nmethods': size=7424Kb used=1281Kb max_used=1281Kb free=6142Kb
 bounds [0x000002d125f70000, 0x000002d1261e0000, 0x000002d1266b0000]
 total_blobs=10513 nmethods=9421 adapters=580
 compilation: enabled
              stopped_count=0, restarted_count=0
 full_count=0

Compilation events (20 events):
Event: 1040.931 Thread 0x000002d13c7b5000 nmethod 9576 0x000002d127725f10 code [0x000002d1277260c0, 0x000002d127726230]
Event: 1040.932 Thread 0x000002d13c7b5000 9579       1       com.netflix.discovery.shared.Applications::addInstanceToMap (79 bytes)
Event: 1040.935 Thread 0x000002d13c7b5000 nmethod 9579 0x000002d127726290 code [0x000002d127726480, 0x000002d127726790]
Event: 1040.935 Thread 0x000002d13c7b5000 9577       1       com.netflix.appinfo.InstanceInfo::getVIPAddress (5 bytes)
Event: 1040.935 Thread 0x000002d13c7b5000 nmethod 9577 0x000002d127726990 code [0x000002d127726b40, 0x000002d127726c78]
Event: 1040.935 Thread 0x000002d13c7b5000 9578       1       com.netflix.appinfo.InstanceInfo::getSecureVipAddress (5 bytes)
Event: 1040.935 Thread 0x000002d13c7b5000 nmethod 9578 0x000002d127726d10 code [0x000002d127726ec0, 0x000002d127726ff8]
Event: 1054.748 Thread 0x000002d13c7b5000 9580       1       java.util.TreeSet::<init> (13 bytes)
Event: 1054.748 Thread 0x000002d13c7b5000 nmethod 9580 0x000002d127727090 code [0x000002d127727240, 0x000002d127727478]
Event: 1060.588 Thread 0x000002d13c7b5000 9581       1       org.apache.tomcat.util.descriptor.web.FilterMap::getMatchAllUrlPatterns (5 bytes)
Event: 1060.588 Thread 0x000002d13c7b5000 nmethod 9581 0x000002d127727510 code [0x000002d1277276c0, 0x000002d1277277f8]
Event: 1060.588 Thread 0x000002d13c7b5000 9582       1       org.apache.tomcat.util.descriptor.web.FilterMap::getMatchAllServletNames (5 bytes)
Event: 1060.588 Thread 0x000002d13c7b5000 nmethod 9582 0x000002d127727890 code [0x000002d127727a40, 0x000002d127727b78]
Event: 1060.588 Thread 0x000002d13c7b5000 9583       1       org.apache.catalina.core.ApplicationHttpRequest::setSpecial (39 bytes)
Event: 1060.589 Thread 0x000002d13c7b5000 nmethod 9583 0x000002d127727c10 code [0x000002d127727de0, 0x000002d1277280f0]
Event: 1060.589 Thread 0x000002d13c7b5000 9584       1       org.apache.tomcat.util.http.MimeHeaders::getHeader (19 bytes)
Event: 1060.589 Thread 0x000002d13c7b5000 nmethod 9584 0x000002d127728290 code [0x000002d127728460, 0x000002d127728600]
Event: 1060.589 Thread 0x000002d13c7b5000 9585       1       org.springframework.web.context.request.ServletRequestAttributes::getRequest (5 bytes)
Event: 1060.589 Thread 0x000002d13c7b5000 nmethod 9585 0x000002d127728710 code [0x000002d1277288c0, 0x000002d1277289f8]
Event: 1060.591 Thread 0x000002d13c7b5000 9586   !   1       org.apache.coyote.AbstractProcessor::action (1039 bytes)

GC Heap History (20 events):
Event: 4.688 GC heap before
{Heap before GC invocations=9 (full 0):
 garbage-first heap   total 155648K, used 48089K [0x0000000082600000, 0x0000000100000000)
  region size 1024K, 37 young (37888K), 10 survivors (10240K)
 Metaspace       used 34439K, capacity 35670K, committed 35888K, reserved 1079296K
  class space    used 4747K, capacity 5243K, committed 5248K, reserved 1048576K
}
Event: 4.695 GC heap after
{Heap after GC invocations=10 (full 0):
 garbage-first heap   total 155648K, used 23135K [0x0000000082600000, 0x0000000100000000)
  region size 1024K, 6 young (6144K), 6 survivors (6144K)
 Metaspace       used 34439K, capacity 35670K, committed 35888K, reserved 1079296K
  class space    used 4747K, capacity 5243K, committed 5248K, reserved 1048576K
}
Event: 5.813 GC heap before
{Heap before GC invocations=11 (full 0):
 garbage-first heap   total 155648K, used 110175K [0x0000000082600000, 0x0000000100000000)
  region size 1024K, 91 young (93184K), 6 survivors (6144K)
 Metaspace       used 41834K, capacity 43523K, committed 43804K, reserved 1087488K
  class space    used 5786K, capacity 6488K, committed 6528K, reserved 1048576K
}
Event: 5.822 GC heap after
{Heap after GC invocations=12 (full 0):
 garbage-first heap   total 187392K, used 28450K [0x0000000082600000, 0x0000000100000000)
  region size 1024K, 11 young (11264K), 11 survivors (11264K)
 Metaspace       used 41834K, capacity 43523K, committed 43804K, reserved 1087488K
  class space    used 5786K, capacity 6488K, committed 6528K, reserved 1048576K
}
Event: 6.870 GC heap before
{Heap before GC invocations=12 (full 0):
 garbage-first heap   total 187392K, used 128802K [0x0000000082600000, 0x0000000100000000)
  region size 1024K, 109 young (111616K), 11 survivors (11264K)
 Metaspace       used 43766K, capacity 45560K, committed 45724K, reserved 1087488K
  class space    used 6090K, capacity 6833K, committed 6912K, reserved 1048576K
}
Event: 6.879 GC heap after
{Heap after GC invocations=13 (full 0):
 garbage-first heap   total 187392K, used 32518K [0x0000000082600000, 0x0000000100000000)
  region size 1024K, 12 young (12288K), 12 survivors (12288K)
 Metaspace       used 43766K, capacity 45560K, committed 45724K, reserved 1087488K
  class space    used 6090K, capacity 6833K, committed 6912K, reserved 1048576K
}
Event: 7.758 GC heap before
{Heap before GC invocations=13 (full 0):
 garbage-first heap   total 187392K, used 131846K [0x0000000082600000, 0x0000000100000000)
  region size 1024K, 109 young (111616K), 12 survivors (12288K)
 Metaspace       used 51660K, capacity 53647K, committed 53916K, reserved 1095680K
  class space    used 7122K, capacity 7903K, committed 7936K, reserved 1048576K
}
Event: 7.768 GC heap after
{Heap after GC invocations=14 (full 0):
 garbage-first heap   total 187392K, used 34584K [0x0000000082600000, 0x0000000100000000)
  region size 1024K, 8 young (8192K), 8 survivors (8192K)
 Metaspace       used 51660K, capacity 53647K, committed 53916K, reserved 1095680K
  class space    used 7122K, capacity 7903K, committed 7936K, reserved 1048576K
}
Event: 9.550 GC heap before
{Heap before GC invocations=14 (full 0):
 garbage-first heap   total 187392K, used 136984K [0x0000000082600000, 0x0000000100000000)
  region size 1024K, 109 young (111616K), 8 survivors (8192K)
 Metaspace       used 56249K, capacity 58341K, committed 58396K, reserved 1099776K
  class space    used 7735K, capacity 8559K, committed 8576K, reserved 1048576K
}
Event: 9.561 GC heap after
{Heap after GC invocations=15 (full 0):
 garbage-first heap   total 187392K, used 39812K [0x0000000082600000, 0x0000000100000000)
  region size 1024K, 13 young (13312K), 13 survivors (13312K)
 Metaspace       used 56249K, capacity 58341K, committed 58396K, reserved 1099776K
  class space    used 7735K, capacity 8559K, committed 8576K, reserved 1048576K
}
Event: 11.670 GC heap before
{Heap before GC invocations=15 (full 0):
 garbage-first heap   total 187392K, used 57220K [0x0000000082600000, 0x0000000100000000)
  region size 1024K, 31 young (31744K), 13 survivors (13312K)
 Metaspace       used 58159K, capacity 60297K, committed 60420K, reserved 1101824K
  class space    used 8006K, capacity 8823K, committed 8832K, reserved 1048576K
}
Event: 11.688 GC heap after
{Heap after GC invocations=16 (full 0):
 garbage-first heap   total 187392K, used 40419K [0x0000000082600000, 0x0000000100000000)
  region size 1024K, 7 young (7168K), 7 survivors (7168K)
 Metaspace       used 58159K, capacity 60297K, committed 60420K, reserved 1101824K
  class space    used 8006K, capacity 8823K, committed 8832K, reserved 1048576K
}
Event: 562.346 GC heap before
{Heap before GC invocations=17 (full 0):
 garbage-first heap   total 187392K, used 148963K [0x0000000082600000, 0x0000000100000000)
  region size 1024K, 109 young (111616K), 7 survivors (7168K)
 Metaspace       used 60840K, capacity 63083K, committed 63312K, reserved 1103872K
  class space    used 8328K, capacity 9191K, committed 9216K, reserved 1048576K
}
Event: 562.353 GC heap after
{Heap after GC invocations=18 (full 0):
 garbage-first heap   total 225280K, used 45766K [0x0000000082600000, 0x0000000100000000)
  region size 1024K, 8 young (8192K), 8 survivors (8192K)
 Metaspace       used 60840K, capacity 63083K, committed 63312K, reserved 1103872K
  class space    used 8328K, capacity 9191K, committed 9216K, reserved 1048576K
}
Event: 729.052 GC heap before
{Heap before GC invocations=18 (full 0):
 garbage-first heap   total 225280K, used 174790K [0x0000000082600000, 0x0000000100000000)
  region size 1024K, 132 young (135168K), 8 survivors (8192K)
 Metaspace       used 61384K, capacity 63613K, committed 63696K, reserved 1103872K
  class space    used 8413K, capacity 9278K, committed 9344K, reserved 1048576K
}
Event: 729.057 GC heap after
{Heap after GC invocations=19 (full 0):
 garbage-first heap   total 225280K, used 48167K [0x0000000082600000, 0x0000000100000000)
  region size 1024K, 9 young (9216K), 9 survivors (9216K)
 Metaspace       used 61384K, capacity 63613K, committed 63696K, reserved 1103872K
  class space    used 8413K, capacity 9278K, committed 9344K, reserved 1048576K
}
Event: 932.416 GC heap before
{Heap before GC invocations=19 (full 0):
 garbage-first heap   total 225280K, used 176167K [0x0000000082600000, 0x0000000100000000)
  region size 1024K, 132 young (135168K), 9 survivors (9216K)
 Metaspace       used 61637K, capacity 63923K, committed 63952K, reserved 1103872K
  class space    used 8451K, capacity 9337K, committed 9344K, reserved 1048576K
}
Event: 932.421 GC heap after
{Heap after GC invocations=20 (full 0):
 garbage-first heap   total 225280K, used 50605K [0x0000000082600000, 0x0000000100000000)
  region size 1024K, 9 young (9216K), 9 survivors (9216K)
 Metaspace       used 61637K, capacity 63923K, committed 63952K, reserved 1103872K
  class space    used 8451K, capacity 9337K, committed 9344K, reserved 1048576K
}
Event: 1007.731 GC heap before
{Heap before GC invocations=20 (full 0):
 garbage-first heap   total 225280K, used 178605K [0x0000000082600000, 0x0000000100000000)
  region size 1024K, 132 young (135168K), 9 survivors (9216K)
 Metaspace       used 61806K, capacity 64184K, committed 64336K, reserved 1103872K
  class space    used 8476K, capacity 9383K, committed 9472K, reserved 1048576K
}
Event: 1007.737 GC heap after
{Heap after GC invocations=21 (full 0):
 garbage-first heap   total 225280K, used 52704K [0x0000000082600000, 0x0000000100000000)
  region size 1024K, 9 young (9216K), 9 survivors (9216K)
 Metaspace       used 61806K, capacity 64184K, committed 64336K, reserved 1103872K
  class space    used 8476K, capacity 9383K, committed 9472K, reserved 1048576K
}

Deoptimization events (6 events):
Event: 5.422 Thread 0x000002d1220cd000 DEOPT PACKING pc=0x000002d1269af27f sp=0x000000e57d6f7680
Event: 5.422 Thread 0x000002d1220cd000 DEOPT UNPACKING pc=0x000002d125f9904e sp=0x000000e57d6f6b88 mode 3
Event: 5.481 Thread 0x000002d1220cd000 DEOPT PACKING pc=0x000002d126e292e4 sp=0x000000e57d6f9740
Event: 5.481 Thread 0x000002d1220cd000 DEOPT UNPACKING pc=0x000002d125f9904e sp=0x000000e57d6f8b80 mode 0
Event: 7.210 Thread 0x000002d1220cd000 DEOPT PACKING pc=0x000002d1268669cc sp=0x000000e57d6fab80
Event: 7.210 Thread 0x000002d1220cd000 DEOPT UNPACKING pc=0x000002d125f9904e sp=0x000000e57d6fa098 mode 0

Classes redefined (0 events):
No events

Internal exceptions (20 events):
Event: 1009.031 Thread 0x000002d140edf800 Exception <a 'sun/nio/fs/WindowsException'{0x000000008e2beb00}> (0x000000008e2beb00) thrown at [c:/BuildAgent/work/5ff2f6c26000d570/src/hotspot/share/prims/jni.cpp, line 615]
Event: 1009.031 Thread 0x000002d140edf800 Exception <a 'sun/nio/fs/WindowsException'{0x000000008e2c61c8}> (0x000000008e2c61c8) thrown at [c:/BuildAgent/work/5ff2f6c26000d570/src/hotspot/share/prims/jni.cpp, line 615]
Event: 1009.031 Thread 0x000002d140edf800 Exception <a 'sun/nio/fs/WindowsException'{0x000000008e2c7250}> (0x000000008e2c7250) thrown at [c:/BuildAgent/work/5ff2f6c26000d570/src/hotspot/share/prims/jni.cpp, line 615]
Event: 1009.032 Thread 0x000002d140edf800 Exception <a 'sun/nio/fs/WindowsException'{0x000000008e2d5d00}> (0x000000008e2d5d00) thrown at [c:/BuildAgent/work/5ff2f6c26000d570/src/hotspot/share/prims/jni.cpp, line 615]
Event: 1009.033 Thread 0x000002d140edf800 Exception <a 'sun/nio/fs/WindowsException'{0x000000008e2d70f8}> (0x000000008e2d70f8) thrown at [c:/BuildAgent/work/5ff2f6c26000d570/src/hotspot/share/prims/jni.cpp, line 615]
Event: 1009.040 Thread 0x000002d140edf800 Exception <a 'sun/nio/fs/WindowsException'{0x000000008e2f9468}> (0x000000008e2f9468) thrown at [c:/BuildAgent/work/5ff2f6c26000d570/src/hotspot/share/prims/jni.cpp, line 615]
Event: 1009.064 Thread 0x000002d140edf800 Exception <a 'sun/nio/fs/WindowsException'{0x000000008dd5abc8}> (0x000000008dd5abc8) thrown at [c:/BuildAgent/work/5ff2f6c26000d570/src/hotspot/share/prims/jni.cpp, line 615]
Event: 1009.243 Thread 0x000002d141246800 Exception <a 'java/net/UnknownHostException'{0x000000008dc233d0}> (0x000000008dc233d0) thrown at [c:/BuildAgent/work/5ff2f6c26000d570/src/hotspot/share/prims/jni.cpp, line 636]
Event: 1010.829 Thread 0x000002d140ee2000 Exception <a 'java/net/SocketTimeoutException'{0x000000008daab5b8}: Read timed out> (0x000000008daab5b8) thrown at [c:/BuildAgent/work/5ff2f6c26000d570/src/hotspot/share/prims/jni.cpp, line 636]
Event: 1010.870 Thread 0x000002d140ee2000 Exception <a 'java/lang/NoClassDefFoundError'{0x000000008d5b8ab8}: javax/mail/internet/MimeMultipart> (0x000000008d5b8ab8) thrown at [c:/BuildAgent/work/5ff2f6c26000d570/src/hotspot/share/classfile/systemDictionary.cpp, line 220]
Event: 1010.900 Thread 0x000002d140ee2000 Exception <a 'java/lang/NoClassDefFoundError'{0x000000008cd30d30}: javax/mail/internet/MimeMultipart> (0x000000008cd30d30) thrown at [c:/BuildAgent/work/5ff2f6c26000d570/src/hotspot/share/classfile/systemDictionary.cpp, line 220]
Event: 1010.927 Thread 0x000002d14123c000 Exception <a 'java/net/SocketTimeoutException'{0x000000008c60c568}: Read timed out> (0x000000008c60c568) thrown at [c:/BuildAgent/work/5ff2f6c26000d570/src/hotspot/share/prims/jni.cpp, line 636]
Event: 1010.930 Thread 0x000002d14123c000 Exception <a 'java/net/SocketTimeoutException'{0x000000008c61a668}: Read timed out> (0x000000008c61a668) thrown at [c:/BuildAgent/work/5ff2f6c26000d570/src/hotspot/share/prims/jni.cpp, line 636]
Event: 1013.079 Thread 0x000002d140ee6000 Exception <a 'java/net/SocketTimeoutException'{0x000000008c64b490}: Read timed out> (0x000000008c64b490) thrown at [c:/BuildAgent/work/5ff2f6c26000d570/src/hotspot/share/prims/jni.cpp, line 636]
Event: 1027.650 Thread 0x000002d1409ff800 Exception <a 'java/net/SocketTimeoutException'{0x000000008c62ebe8}: Read timed out> (0x000000008c62ebe8) thrown at [c:/BuildAgent/work/5ff2f6c26000d570/src/hotspot/share/prims/jni.cpp, line 636]
Event: 1028.080 Thread 0x000002d140ee6000 Exception <a 'java/net/SocketTimeoutException'{0x000000008c64b798}: Read timed out> (0x000000008c64b798) thrown at [c:/BuildAgent/work/5ff2f6c26000d570/src/hotspot/share/prims/jni.cpp, line 636]
Event: 1040.925 Thread 0x000002d141244000 Exception <a 'java/net/SocketTimeoutException'{0x000000008c665f98}: Read timed out> (0x000000008c665f98) thrown at [c:/BuildAgent/work/5ff2f6c26000d570/src/hotspot/share/prims/jni.cpp, line 636]
Event: 1042.650 Thread 0x000002d1409ff800 Exception <a 'java/net/SocketTimeoutException'{0x000000008c62eef0}: Read timed out> (0x000000008c62eef0) thrown at [c:/BuildAgent/work/5ff2f6c26000d570/src/hotspot/share/prims/jni.cpp, line 636]
Event: 1043.080 Thread 0x000002d140ee6000 Exception <a 'java/net/SocketTimeoutException'{0x000000008c64bad0}: Read timed out> (0x000000008c64bad0) thrown at [c:/BuildAgent/work/5ff2f6c26000d570/src/hotspot/share/prims/jni.cpp, line 636]
Event: 1058.081 Thread 0x000002d140ee6000 Exception <a 'java/net/SocketTimeoutException'{0x000000008c64bdd8}: Read timed out> (0x000000008c64bdd8) thrown at [c:/BuildAgent/work/5ff2f6c26000d570/src/hotspot/share/prims/jni.cpp, line 636]

Events (20 events):
Event: 1010.922 Thread 0x000002d14123c000 Thread added: 0x000002d14123c000
Event: 1010.924 Executing VM operation: RevokeBias
Event: 1010.924 Executing VM operation: RevokeBias done
Event: 1010.924 Executing VM operation: RevokeBias
Event: 1010.925 Executing VM operation: RevokeBias done
Event: 1010.925 Executing VM operation: RevokeBias
Event: 1010.925 Executing VM operation: RevokeBias done
Event: 1010.925 Executing VM operation: RevokeBias
Event: 1010.925 Executing VM operation: RevokeBias done
Event: 1010.925 Executing VM operation: RevokeBias
Event: 1010.925 Executing VM operation: RevokeBias done
Event: 1012.650 Thread 0x000002d141243800 Thread added: 0x000002d141243800
Event: 1040.923 Thread 0x000002d141244000 Thread added: 0x000002d141244000
Event: 1040.923 Thread 0x000002d141246800 Thread added: 0x000002d141246800
Event: 1040.931 Executing VM operation: RevokeBias
Event: 1040.931 Executing VM operation: RevokeBias done
Event: 1040.932 Executing VM operation: RevokeBias
Event: 1040.932 Executing VM operation: RevokeBias done
Event: 1060.587 Executing VM operation: RevokeBias
Event: 1060.587 Executing VM operation: RevokeBias done


Dynamic libraries:
0x00007ff7a8290000 - 0x00007ff7a829a000 	D:\IntelliJ IDEA 2019.3.1\jbr\bin\java.exe
0x00007ff8b2c40000 - 0x00007ff8b2e30000 	C:\WINDOWS\SYSTEM32\ntdll.dll
0x00007ff8b0e50000 - 0x00007ff8b0f02000 	C:\WINDOWS\System32\KERNEL32.DLL
0x00007ff8afe40000 - 0x00007ff8b00e4000 	C:\WINDOWS\System32\KERNELBASE.dll
0x00007ff8b0240000 - 0x00007ff8b033a000 	C:\WINDOWS\System32\ucrtbase.dll
0x00007ff87d860000 - 0x00007ff87d879000 	D:\IntelliJ IDEA 2019.3.1\jbr\bin\jli.dll
0x00007ff8b0fd0000 - 0x00007ff8b1164000 	C:\WINDOWS\System32\USER32.dll
0x00007ff8b0cc0000 - 0x00007ff8b0ce1000 	C:\WINDOWS\System32\win32u.dll
0x00007ff8b2580000 - 0x00007ff8b25a6000 	C:\WINDOWS\System32\GDI32.dll
0x00007ff8afca0000 - 0x00007ff8afe34000 	C:\WINDOWS\System32\gdi32full.dll
0x00007ff8b0120000 - 0x00007ff8b01be000 	C:\WINDOWS\System32\msvcp_win.dll
0x00007ff86be00000 - 0x00007ff86be17000 	D:\IntelliJ IDEA 2019.3.1\jbr\bin\VCRUNTIME140.dll
0x00007ff89e400000 - 0x00007ff89e684000 	C:\WINDOWS\WinSxS\amd64_microsoft.windows.common-controls_6595b64144ccf1df_6.0.18362.836_none_e6c4b943130f18ed\COMCTL32.dll
0x00007ff8b1730000 - 0x00007ff8b17ce000 	C:\WINDOWS\System32\msvcrt.dll
0x00007ff8b17d0000 - 0x00007ff8b1b06000 	C:\WINDOWS\System32\combase.dll
0x00007ff8b2ae0000 - 0x00007ff8b2c00000 	C:\WINDOWS\System32\RPCRT4.dll
0x00007ff8b01c0000 - 0x00007ff8b0240000 	C:\WINDOWS\System32\bcryptPrimitives.dll
0x00007ff8b2280000 - 0x00007ff8b22ae000 	C:\WINDOWS\System32\IMM32.DLL
0x00007ff863fc0000 - 0x00007ff86405d000 	D:\IntelliJ IDEA 2019.3.1\jbr\bin\msvcp140.dll
0x00007ff84fa70000 - 0x00007ff85052b000 	D:\IntelliJ IDEA 2019.3.1\jbr\bin\server\jvm.dll
0x00007ff8b2900000 - 0x00007ff8b29a3000 	C:\WINDOWS\System32\ADVAPI32.dll
0x00007ff8b2a40000 - 0x00007ff8b2ad7000 	C:\WINDOWS\System32\sechost.dll
0x00007ff8b29b0000 - 0x00007ff8b29b8000 	C:\WINDOWS\System32\PSAPI.DLL
0x00007ff897d10000 - 0x00007ff897d19000 	C:\WINDOWS\SYSTEM32\WSOCK32.dll
0x00007ff8b22b0000 - 0x00007ff8b231f000 	C:\WINDOWS\System32\WS2_32.dll
0x00007ff8acfa0000 - 0x00007ff8acfc4000 	C:\WINDOWS\SYSTEM32\WINMM.dll
0x00007ff8a8000000 - 0x00007ff8a800a000 	C:\WINDOWS\SYSTEM32\VERSION.dll
0x00007ff8acf70000 - 0x00007ff8acf9d000 	C:\WINDOWS\SYSTEM32\winmmbase.dll
0x00007ff8b03a0000 - 0x00007ff8b03ea000 	C:\WINDOWS\System32\cfgmgr32.dll
0x00007ff8afb60000 - 0x00007ff8afb71000 	C:\WINDOWS\System32\kernel.appcore.dll
0x00007ff87d8d0000 - 0x00007ff87d8e1000 	D:\IntelliJ IDEA 2019.3.1\jbr\bin\verify.dll
0x00007ff8adbf0000 - 0x00007ff8adde4000 	C:\WINDOWS\SYSTEM32\DBGHELP.DLL
0x00007ff895ba0000 - 0x00007ff895bca000 	C:\WINDOWS\SYSTEM32\dbgcore.DLL
0x00007ff86cbe0000 - 0x00007ff86cc09000 	D:\IntelliJ IDEA 2019.3.1\jbr\bin\java.dll
0x00007ff8a9b00000 - 0x00007ff8a9b0f000 	D:\IntelliJ IDEA 2019.3.1\jbr\bin\instrument.dll
0x00007ff87d160000 - 0x00007ff87d177000 	D:\IntelliJ IDEA 2019.3.1\jbr\bin\zip.dll
0x00007ff8a7160000 - 0x00007ff8a716b000 	D:\IntelliJ IDEA 2019.3.1\jbr\bin\jimage.dll
0x00007ff8b1b90000 - 0x00007ff8b2274000 	C:\WINDOWS\System32\SHELL32.dll
0x00007ff8b24d0000 - 0x00007ff8b2579000 	C:\WINDOWS\System32\shcore.dll
0x00007ff8b03f0000 - 0x00007ff8b0b6e000 	C:\WINDOWS\System32\windows.storage.dll
0x00007ff8afb80000 - 0x00007ff8afba3000 	C:\WINDOWS\System32\profapi.dll
0x00007ff8afb10000 - 0x00007ff8afb5a000 	C:\WINDOWS\System32\powrprof.dll
0x00007ff8afb00000 - 0x00007ff8afb10000 	C:\WINDOWS\System32\UMPDC.dll
0x00007ff8b0f10000 - 0x00007ff8b0f62000 	C:\WINDOWS\System32\shlwapi.dll
0x00007ff8afc80000 - 0x00007ff8afc97000 	C:\WINDOWS\System32\cryptsp.dll
0x00007ff87ba50000 - 0x00007ff87ba6a000 	D:\IntelliJ IDEA 2019.3.1\jbr\bin\net.dll
0x00007ff8a2120000 - 0x00007ff8a2210000 	C:\WINDOWS\SYSTEM32\WINHTTP.dll
0x00007ff8af370000 - 0x00007ff8af3d7000 	C:\WINDOWS\system32\mswsock.dll
0x00007ff87a5f0000 - 0x00007ff87a604000 	D:\IntelliJ IDEA 2019.3.1\jbr\bin\nio.dll
0x00007ff8ad560000 - 0x00007ff8ad57a000 	D:\IntelliJ IDEA 2019.3.1\bin\breakgen64.dll
0x00007ff89da00000 - 0x00007ff89db7a000 	C:\Program Files (x86)\Sangfor\VDI\ClientComponent\SangforTcpX64.dll
0x00007ff8b0cf0000 - 0x00007ff8b0e47000 	C:\WINDOWS\System32\ole32.dll
0x00007ff8b2320000 - 0x00007ff8b23e4000 	C:\WINDOWS\System32\OLEAUT32.dll
0x00007ff8b0340000 - 0x00007ff8b039c000 	C:\WINDOWS\System32\WINTRUST.dll
0x00007ff8afbb0000 - 0x00007ff8afbc2000 	C:\WINDOWS\System32\MSASN1.dll
0x00007ff8b0b70000 - 0x00007ff8b0cb9000 	C:\WINDOWS\System32\CRYPT32.dll
0x00007ff8af0c0000 - 0x00007ff8af18b000 	C:\WINDOWS\SYSTEM32\DNSAPI.dll
0x00007ff8b23f0000 - 0x00007ff8b23f8000 	C:\WINDOWS\System32\NSI.dll
0x00007ff8af080000 - 0x00007ff8af0ba000 	C:\WINDOWS\SYSTEM32\IPHLPAPI.DLL
0x00007ff8a1d60000 - 0x00007ff8a1d6a000 	C:\Windows\System32\rasadhlp.dll
0x00007ff8a2430000 - 0x00007ff8a24a7000 	C:\WINDOWS\System32\fwpuclnt.dll
0x00007ff8b00f0000 - 0x00007ff8b0116000 	C:\WINDOWS\System32\bcrypt.dll
0x00007ff8a05d0000 - 0x00007ff8a05da000 	D:\IntelliJ IDEA 2019.3.1\jbr\bin\management.dll
0x00007ff8a0530000 - 0x00007ff8a053c000 	D:\IntelliJ IDEA 2019.3.1\jbr\bin\management_ext.dll
0x00007ff8aeee0000 - 0x00007ff8aef13000 	C:\WINDOWS\system32\rsaenh.dll
0x00007ff8afa20000 - 0x00007ff8afa45000 	C:\WINDOWS\SYSTEM32\USERENV.dll
0x00007ff8af540000 - 0x00007ff8af54c000 	C:\WINDOWS\SYSTEM32\CRYPTBASE.dll
0x00007ff8a4b90000 - 0x00007ff8a4ba6000 	C:\WINDOWS\SYSTEM32\dhcpcsvc6.DLL
0x00007ff8a68a0000 - 0x00007ff8a68bc000 	C:\WINDOWS\SYSTEM32\dhcpcsvc.DLL
0x00007ff889330000 - 0x00007ff889346000 	C:\WINDOWS\system32\napinsp.dll
0x00007ff889310000 - 0x00007ff88932a000 	C:\WINDOWS\system32\pnrpnsp.dll
0x00007ff895a40000 - 0x00007ff895a4e000 	C:\WINDOWS\System32\winrnr.dll
0x00007ff8abc80000 - 0x00007ff8abc9c000 	C:\WINDOWS\system32\NLAapi.dll
0x00007ff8ab1b0000 - 0x00007ff8ab1c5000 	C:\WINDOWS\system32\wshbth.dll
0x00007ff86cbb0000 - 0x00007ff86cbd8000 	D:\IntelliJ IDEA 2019.3.1\jbr\bin\sunec.dll

dbghelp: loaded successfully - version: 4.0.5 - missing functions: none
symbol engine: initialized successfully - sym options: 0x614 - pdb path: .;D:\IntelliJ IDEA 2019.3.1\jbr\bin;C:\WINDOWS\SYSTEM32;C:\WINDOWS\WinSxS\amd64_microsoft.windows.common-controls_6595b64144ccf1df_6.0.18362.836_none_e6c4b943130f18ed;D:\IntelliJ IDEA 2019.3.1\jbr\bin\server;D:\IntelliJ IDEA 2019.3.1\bin;C:\Program Files (x86)\Sangfor\VDI\ClientComponent

VM Arguments:
jvm_args: -Dserver.port=8090 -XX:TieredStopAtLevel=1 -Xverify:none -Dspring.output.ansi.enabled=always -Dcom.sun.management.jmxremote -Dspring.jmx.enabled=true -Dspring.liveBeansView.mbeanDomain -Dspring.application.admin.enabled=true -javaagent:D:\IntelliJ IDEA 2019.3.1\lib\idea_rt.jar=49220:D:\IntelliJ IDEA 2019.3.1\bin -Dfile.encoding=UTF-8 
java_command: self.lcw.config.configserver.ConfigserverApplication
java_class_path (initial): D:\JavaProject\spring cloud\config\configserver\target\classes;C:\Users\biubiubiu\.m2\repository\org\springframework\cloud\spring-cloud-starter-bus-amqp\2.2.2.RELEASE\spring-cloud-starter-bus-amqp-2.2.2.RELEASE.jar;C:\Users\biubiubiu\.m2\repository\org\springframework\cloud\spring-cloud-starter-stream-rabbit\3.0.5.RELEASE\spring-cloud-starter-stream-rabbit-3.0.5.RELEASE.jar;C:\Users\biubiubiu\.m2\repository\org\springframework\cloud\spring-cloud-stream-binder-rabbit\3.0.5.RELEASE\spring-cloud-stream-binder-rabbit-3.0.5.RELEASE.jar;C:\Users\biubiubiu\.m2\repository\org\springframework\cloud\spring-cloud-stream-binder-rabbit-core\3.0.5.RELEASE\spring-cloud-stream-binder-rabbit-core-3.0.5.RELEASE.jar;C:\Users\biubiubiu\.m2\repository\org\springframework\integration\spring-integration-amqp\5.3.1.RELEASE\spring-integration-amqp-5.3.1.RELEASE.jar;C:\Users\biubiubiu\.m2\repository\com\rabbitmq\http-client\2.1.0.RELEASE\http-client-2.1.0.RELEASE.jar;C:\Users\biubiubiu\.m2\repository\org\springframework\boot\spring-boot-starter-amqp\2.3.1.RELEASE\spring-boot-starter-amqp-2.3.1.RELEASE.jar;C:\Users\biubiubiu\.m2\repository\org\springframework\amqp\spring-rabbit\2.2.7.RELEASE\spring-rabbit-2.2.7.RELEASE.jar;C:\Users\biubiubiu\.m2\repository\com\rabbitmq\amqp-client\5.9.0\amqp-client-5.9.0.jar;C:\Users\biubiubiu\.m2\repository\org\springframework\amqp\spring-amqp\2.2.7.RELEASE\spring-amqp-2.2.7.RELEASE.jar;C:\Users\biubiubiu\.m2\repository\org\springframework\integration\spring-integration-jmx\5.3.1.RELEASE\spring-integration-jmx-5.3.1.RELEASE.jar;C:\Users\biubiubiu\.m2\repository\org\springframework\cloud\spring-cloud-bus\2.2.2.RELEASE\spring-cloud-bus-2.2.2.RELEASE.jar;C:\Users\biubiubiu\.m2\repository\org\springframework\cloud\spring-cloud-stream\3.0.5.RELEASE\spring-cloud-stream-3.0.5.RELEASE.jar;C:\Users\biubiubiu\.m2\repository\org\springframework\spring-messaging\5.2.7.RELEASE\spring-messaging-5.2.7.RELEASE.jar;C:\Users\biubiubiu\.m2\reposito
Launcher Type: SUN_STANDARD

[Global flags]
     bool BytecodeVerificationLocal                = false                                     {product} {command line}
     bool BytecodeVerificationRemote               = false                                     {product} {command line}
     intx CICompilerCount                          = 4                                         {product} {ergonomic}
     uint ConcGCThreads                            = 2                                         {product} {ergonomic}
     uint G1ConcRefinementThreads                  = 8                                         {product} {ergonomic}
   size_t G1HeapRegionSize                         = 1048576                                   {product} {ergonomic}
    uintx GCDrainStackTargetSize                   = 64                                        {product} {ergonomic}
   size_t InitialHeapSize                          = 132120576                                 {product} {ergonomic}
     bool ManagementServer                         = true                                      {product} {command line}
   size_t MarkStackSize                            = 4194304                                   {product} {ergonomic}
   size_t MaxHeapSize                              = 2107637760                                {product} {ergonomic}
   size_t MaxNewSize                               = 1264582656                                {product} {ergonomic}
   size_t MinHeapDeltaBytes                        = 1048576                                   {product} {ergonomic}
    uintx NonNMethodCodeHeapSize                   = 7549744                                {pd product} {ergonomic}
    uintx NonProfiledCodeHeapSize                  = 244108496                              {pd product} {ergonomic}
    uintx ProfiledCodeHeapSize                     = 0                                      {pd product} {ergonomic}
    uintx ReservedCodeCacheSize                    = 251658240                              {pd product} {ergonomic}
     bool SegmentedCodeCache                       = true                                      {product} {ergonomic}
     intx TieredStopAtLevel                        = 1                                         {product} {command line}
     bool UseCompressedClassPointers               = true                                 {lp64_product} {ergonomic}
     bool UseCompressedOops                        = true                                 {lp64_product} {ergonomic}
     bool UseG1GC                                  = true                                      {product} {ergonomic}
     bool UseLargePagesIndividualAllocation        = false                                  {pd product} {ergonomic}

Logging:
Log output configuration:
 #0: stdout all=warning uptime,level,tags
 #1: stderr all=off uptime,level,tags

Environment Variables:
JAVA_HOME=C:\Program Files\Java\jdk1.8.0_241
PATH=C:\Program Files (x86)\Common Files\Oracle\Java\javapath;C:\Windows\system32;C:\Windows;C:\Windows\System32\Wbem;C:\Windows\System32\WindowsPowerShell\v1.0\;C:\Windows\System32\OpenSSH\;C:\Program Files (x86)\NVIDIA Corporation\PhysX\Common;C:\Program Files\NVIDIA Corporation\NVIDIA NvDLISR;C:\Program Files\Intel\WiFi\bin\;C:\Program Files\Common Files\Intel\WirelessCommon\;C:\WINDOWS\system32;C:\WINDOWS;C:\WINDOWS\System32\Wbem;C:\WINDOWS\System32\WindowsPowerShell\v1.0\;C:\WINDOWS\System32\OpenSSH\;C:\Program Files\Java\jdk1.8.0_241\bin;D:\apache-maven-3.6.3\bin;D:\Anaconda3\Scripts;D:\Anaconda3;D:\Git\cmd;D:\Git\bin;C:\Users\biubiubiu\AppData\Local\Microsoft\WindowsApps;C:\Users\biubiubiu\AppData\Local\GitHubDesktop\bin;D:\Bandizip\;D:\IntelliJ IDEA 2019.3.1\bin;
USERNAME=biubiubiu
OS=Windows_NT
PROCESSOR_IDENTIFIER=Intel64 Family 6 Model 142 Stepping 12, GenuineIntel



---------------  S Y S T E M  ---------------

OS: Windows 10 , 64 bit Build 18362 (10.0.18362.778)

CPU:total 8 (initial active 8) (4 cores per cpu, 2 threads per core) family 6 model 142 stepping 12, cmov, cx8, fxsr, mmx, sse, sse2, sse3, ssse3, sse4.1, sse4.2, popcnt, avx, avx2, aes, clmul, erms, 3dnowpref, lzcnt, ht, tsc, tscinvbit, bmi1, bmi2, adx, fma

Memory: 4k page, system-wide physical 8037M (1051M free)
TotalPageFile size 18277M (AvailPageFile size 3M)
current process WorkingSet (physical memory assigned to process): 303M, peak: 347M
current process commit charge ("private bytes"): 415M, peak: 417M

vm_info: OpenJDK 64-Bit Server VM (11.0.5+10-b520.17) for windows-amd64 JRE (11.0.5+10-b520.17), built on Dec  2 2019 12:11:34 by "" with MS VC++ 14.0 (VS2015)

END.
